<?xml version="1.0" encoding="UTF-8"?>
<!-- Generated by org.testng.reporters.JUnitXMLReporter -->
<testsuite ignored="2" hostname="DESKTOP-NO62424" failures="0" tests="1" name="Test" time="18.014" errors="0" timestamp="2024-09-23T03:25:47 IST">
  <testcase classname="testcases.TC002_LoginTest" name="verify_Login" time="2.312"/>
  <testcase classname="testcases.TC001_AccountRegistractionTest" name="TC001_AccountRegistrationTest" time="0.0">
    <ignored/>
  </testcase> <!-- TC001_AccountRegistrationTest -->
  <testcase classname="testcases.TC003_LoginDDT" name="verify_LoginDDT" time="0.0">
    <ignored/>
  </testcase> <!-- verify_LoginDDT -->
</testsuite> <!-- Test -->
