<?xml version="1.0" encoding="UTF-8"?>
<!-- Generated by org.testng.reporters.JUnitXMLReporter -->
<testsuite ignored="2" hostname="DESKTOP-NO62424" failures="0" tests="1" name="FirefoxTest" time="19.123" errors="0" timestamp="2024-09-25T00:42:46 IST">
  <testcase classname="testcases.TC002_LoginTest" name="verify_Login" time="1.953"/>
  <testcase classname="testcases.TC001_AccountRegistractionTest" name="TC001_AccountRegistrationTest" time="0.0">
    <ignored/>
  </testcase> <!-- TC001_AccountRegistrationTest -->
  <testcase classname="testcases.TC003_LoginDDT" name="verify_LoginDDT" time="0.0">
    <ignored/>
  </testcase> <!-- verify_LoginDDT -->
</testsuite> <!-- FirefoxTest -->
