<?xml version="1.0" encoding="UTF-8"?>
<testng-results ignored="0" total="3" passed="3" failed="0" skipped="0">
  <reporter-output>
  </reporter-output>
  <suite started-at="2024-09-25T00:41:50 IST" name="Test Suite" finished-at="2024-09-25T00:42:45 IST" duration-ms="54714">
    <groups>
      <group name="Master">
        <method signature="TC002_LoginTest.verify_Login()[pri:0, instance:testcases.TC002_LoginTest@6138e79a]" name="verify_Login" class="testcases.TC002_LoginTest"/>
        <method signature="TC002_LoginTest.verify_Login()[pri:0, instance:testcases.TC002_LoginTest@66ac5762]" name="verify_Login" class="testcases.TC002_LoginTest"/>
        <method signature="TC002_LoginTest.verify_Login()[pri:0, instance:testcases.TC002_LoginTest@4fad9bb2]" name="verify_Login" class="testcases.TC002_LoginTest"/>
      </group> <!-- Master -->
      <group name="Sanity">
        <method signature="TC002_LoginTest.verify_Login()[pri:0, instance:testcases.TC002_LoginTest@6138e79a]" name="verify_Login" class="testcases.TC002_LoginTest"/>
        <method signature="TC002_LoginTest.verify_Login()[pri:0, instance:testcases.TC002_LoginTest@66ac5762]" name="verify_Login" class="testcases.TC002_LoginTest"/>
        <method signature="TC002_LoginTest.verify_Login()[pri:0, instance:testcases.TC002_LoginTest@4fad9bb2]" name="verify_Login" class="testcases.TC002_LoginTest"/>
      </group> <!-- Sanity -->
    </groups>
    <test started-at="2024-09-25T00:41:50 IST" name="ChromeTest" finished-at="2024-09-25T00:42:05 IST" duration-ms="15044">
      <class name="testcases.TC002_LoginTest">
        <test-method is-config="true" signature="setup(java.lang.String,java.lang.String)[pri:0, instance:testcases.TC002_LoginTest@6138e79a]" started-at="2024-09-25T00:41:51 IST" name="setup" finished-at="2024-09-25T00:42:02 IST" duration-ms="11626" status="PASS">
          <params>
            <param index="0">
              <value>
                <![CDATA[Windows]]>
              </value>
            </param>
            <param index="1">
              <value>
                <![CDATA[chrome]]>
              </value>
            </param>
          </params>
          <reporter-output>
          </reporter-output>
        </test-method> <!-- setup -->
        <test-method signature="verify_Login()[pri:0, instance:testcases.TC002_LoginTest@6138e79a]" started-at="2024-09-25T00:42:03 IST" name="verify_Login" finished-at="2024-09-25T00:42:05 IST" duration-ms="2179" status="PASS">
          <reporter-output>
          </reporter-output>
        </test-method> <!-- verify_Login -->
        <test-method is-config="true" signature="tearDown()[pri:0, instance:testcases.TC002_LoginTest@6138e79a]" started-at="2024-09-25T00:42:05 IST" name="tearDown" finished-at="2024-09-25T00:42:05 IST" duration-ms="477" status="PASS">
          <reporter-output>
          </reporter-output>
        </test-method> <!-- tearDown -->
      </class> <!-- testcases.TC002_LoginTest -->
    </test> <!-- ChromeTest -->
    <test started-at="2024-09-25T00:42:08 IST" name="EdgeTest" finished-at="2024-09-25T00:42:25 IST" duration-ms="17372">
      <class name="testcases.TC002_LoginTest">
        <test-method is-config="true" signature="setup(java.lang.String,java.lang.String)[pri:0, instance:testcases.TC002_LoginTest@66ac5762]" started-at="2024-09-25T00:42:08 IST" name="setup" finished-at="2024-09-25T00:42:21 IST" duration-ms="13002" status="PASS">
          <params>
            <param index="0">
              <value>
                <![CDATA[Windows]]>
              </value>
            </param>
            <param index="1">
              <value>
                <![CDATA[edge]]>
              </value>
            </param>
          </params>
          <reporter-output>
          </reporter-output>
        </test-method> <!-- setup -->
        <test-method signature="verify_Login()[pri:0, instance:testcases.TC002_LoginTest@66ac5762]" started-at="2024-09-25T00:42:21 IST" name="verify_Login" finished-at="2024-09-25T00:42:23 IST" duration-ms="2541" status="PASS">
          <reporter-output>
          </reporter-output>
        </test-method> <!-- verify_Login -->
        <test-method is-config="true" signature="tearDown()[pri:0, instance:testcases.TC002_LoginTest@66ac5762]" started-at="2024-09-25T00:42:23 IST" name="tearDown" finished-at="2024-09-25T00:42:25 IST" duration-ms="1816" status="PASS">
          <reporter-output>
          </reporter-output>
        </test-method> <!-- tearDown -->
      </class> <!-- testcases.TC002_LoginTest -->
    </test> <!-- EdgeTest -->
    <test started-at="2024-09-25T00:42:26 IST" name="FirefoxTest" finished-at="2024-09-25T00:42:45 IST" duration-ms="19123">
      <class name="testcases.TC002_LoginTest">
        <test-method is-config="true" signature="setup(java.lang.String,java.lang.String)[pri:0, instance:testcases.TC002_LoginTest@4fad9bb2]" started-at="2024-09-25T00:42:26 IST" name="setup" finished-at="2024-09-25T00:42:40 IST" duration-ms="13719" status="PASS">
          <params>
            <param index="0">
              <value>
                <![CDATA[Windows]]>
              </value>
            </param>
            <param index="1">
              <value>
                <![CDATA[firefox]]>
              </value>
            </param>
          </params>
          <reporter-output>
          </reporter-output>
        </test-method> <!-- setup -->
        <test-method signature="verify_Login()[pri:0, instance:testcases.TC002_LoginTest@4fad9bb2]" started-at="2024-09-25T00:42:40 IST" name="verify_Login" finished-at="2024-09-25T00:42:41 IST" duration-ms="1953" status="PASS">
          <reporter-output>
          </reporter-output>
        </test-method> <!-- verify_Login -->
        <test-method is-config="true" signature="tearDown()[pri:0, instance:testcases.TC002_LoginTest@4fad9bb2]" started-at="2024-09-25T00:42:41 IST" name="tearDown" finished-at="2024-09-25T00:42:45 IST" duration-ms="3429" status="PASS">
          <reporter-output>
          </reporter-output>
        </test-method> <!-- tearDown -->
      </class> <!-- testcases.TC002_LoginTest -->
    </test> <!-- FirefoxTest -->
  </suite> <!-- Test Suite -->
</testng-results>
